- 12/24/20 11:14:19 [info] Application: OpenGL Info: 
- 12/24/20 11:14:19 [info] Application:  Vedor: Intel
- 12/24/20 11:14:19 [info] Application:  Renderer: Intel(R) UHD Graphics 630
- 12/24/20 11:14:19 [info] Application:  Version: 4.6.0 - Build 26.20.100.7637
- 12/24/20 11:14:20 [info] OpenGl: Creating Vertex shader
- 12/24/20 11:14:20 [info] OpenGl: Vertex Shader id: 1
- 12/24/20 11:14:20 [info] OpenGl: Attaching source code to 1 shader Vertex
- 12/24/20 11:14:20 [debug] OpenGl: Source code: 
#version 330

struct light
{
	vec3 position;
	vec3 location;
	vec3 normal;
};

uniform int mode;
uniform mat4 Model;
uniform mat4 Projection;
uniform mat4 View;
uniform vec4 test[10];
uniform light lights;

layout(location = 0) in vec3 inPosition;
layout(location = 1) in vec4 inColor;
layout(location = 2) in vec2 inTexcoord;
layout(location = 3) in vec3 inNormal;


out vec2 texCoord; 
out vec4 outColor;
out vec3 normal;

void main()
{
	texCoord = inTexcoord;
	outColor = inColor;
	
	normal = inNormal;
	normal = normalize(mat3x3(Model) * inNormal);

	gl_Position = Projection * View * Model * vec4(inPosition, 1);

	for(int i = 0; i < 10; ++i)
	gl_Position += test[i];
	gl_Position.x += lights.position.x + lights.location.x + lights.normal.x;
}
END
- 12/24/20 11:14:20 [info] OpenGl: Compiling [id: 1] Vertex Shader
- 12/24/20 11:14:20 [info] OpenGl: Sucessful compiled [id: 1] Vertex Shader
- 12/24/20 11:14:20 [info] OpenGl: Creating Fragment shader
- 12/24/20 11:14:20 [info] OpenGl: Fragment Shader id: 2
- 12/24/20 11:14:20 [info] OpenGl: Attaching source code to 2 shader Fragment
- 12/24/20 11:14:20 [debug] OpenGl: Source code: 
#version 330

uniform sampler2D my_texture; 
uniform int mode;
uniform vec4 color = vec4(1.f, 1.f, 1.f, 1.f);

in vec2 texCoord; 
in vec4 outColor;
in vec3 normal;
out vec4 frag_color;

vec4 textured()
{
	vec4 result = vec4(texture(my_texture, texCoord.st).rgb, 1.f);

	return result * outColor;
}

vec4 no_textures()
{
	return outColor;
}

vec4 no_color()
{
	return color;
}

void main() 
{
	vec4 result;
	if (mode == 1)
		result = textured();
	else if (mode == 0)
		result = no_textures();
	else if (mode == -1)
		result = no_color();
   
	//gl_FragColor = result;

	frag_color = result;
	//frag_color = vec4(1.f, 1.f, 1.f, 1.f);
}
END
- 12/24/20 11:14:20 [info] OpenGl: Compiling [id: 2] Fragment Shader
- 12/24/20 11:14:20 [info] OpenGl: Sucessful compiled [id: 2] Fragment Shader
- 12/24/20 11:14:20 [info] OpenGl: Creating shader program
- 12/24/20 11:14:20 [info] OpenGl: New Test shader program id: 3
- 12/24/20 11:14:20 [info] OpenGl: Attaching Vertex shader 1 to shader program Test (id: 3)
- 12/24/20 11:14:20 [info] OpenGl: Attaching Fragment shader 2 to shader program Test (id: 3)
- 12/24/20 11:14:20 [info] OpenGl: Linking Test (id: 3) shader program
- 12/24/20 11:14:20 [info] OpenGl: Sucessful linked Test (id: 3) shader program
- 12/24/20 11:14:20 [info] OpenGl: Shader program Test (id: 3) has 10 active uniforms
- 12/24/20 11:14:20 [debug] OpenGl: Uniform 0, Name: Model Size: 1 Type: 35676
- 12/24/20 11:14:20 [debug] OpenGl: Uniform 1, Name: Projection Size: 1 Type: 35676
- 12/24/20 11:14:20 [debug] OpenGl: Uniform 2, Name: View Size: 1 Type: 35676
- 12/24/20 11:14:20 [debug] OpenGl: Uniform 3, Name: lights.position Size: 1 Type: 35665
- 12/24/20 11:14:20 [debug] OpenGl: Uniform 4, Name: lights.location Size: 1 Type: 35665
- 12/24/20 11:14:20 [debug] OpenGl: Uniform 5, Name: lights.normal Size: 1 Type: 35665
- 12/24/20 11:14:20 [debug] OpenGl: Uniform 6, Name: test[0] Size: 10 Type: 35666
- 12/24/20 11:14:20 [debug] OpenGl: Uniform 7, Name: color Size: 1 Type: 35666
- 12/24/20 11:14:20 [debug] OpenGl: Uniform 8, Name: mode Size: 1 Type: 5124
- 12/24/20 11:14:20 [debug] OpenGl: Uniform 9, Name: my_texture Size: 1 Type: 35678
- 12/24/20 11:14:20 [info] OpenGl: Detaching Vertex shader 1 to shader program Test (id: 3)
- 12/24/20 11:14:20 [info] OpenGl: Detaching Fragment shader 2 to shader program Test (id: 3)
- 12/24/20 11:14:20 [info] Application: Location of Test[0] = 3
- 12/24/20 11:14:20 [info] Application: Location of Test[1] = 1
- 12/24/20 11:14:20 [info] Application: Location of Test[2] = 1
- 12/24/20 11:14:20 [info] Application: Location of Test[3] = 1
- 12/24/20 11:14:20 [info] Application: Location of Test[4] = 1
- 12/24/20 11:14:20 [info] Application: Location of Test[5] = 1
- 12/24/20 11:14:20 [info] Application: Location of Test[6] = 1
- 12/24/20 11:14:20 [info] Application: Location of Test[7] = 1
- 12/24/20 11:14:20 [info] Application: Location of Test[8] = 1
- 12/24/20 11:14:20 [info] Application: Location of Test[9] = 1
- 12/24/20 11:14:20 [warning] Application: 
- 12/24/20 11:14:20 [trace] Application: WindowLostFocus
- 12/24/20 11:14:21 [trace] Application: WindowFocus
- 12/24/20 11:14:21 [trace] Application: MouseMovedEvent: 230, 374
- 12/24/20 11:14:22 [trace] Application: KeyPressedEvent: 342 (0 repeats)
- 12/24/20 11:14:22 [trace] Application: WindowLostFocus
- 12/24/20 11:14:22 [trace] Application: KeyReleasedEvent: 342
- 12/24/20 11:14:23 [trace] Application: WindowFocus
- 12/24/20 11:14:23 [trace] Application: KeyPressedEvent: 342 (0 repeats)
- 12/24/20 11:14:23 [trace] Application: WindowLostFocus
- 12/24/20 11:14:23 [trace] Application: KeyReleasedEvent: 342
- 12/24/20 11:14:24 [trace] Application: MouseMovedEvent: 231, 374
- 12/24/20 11:14:24 [trace] Application: MouseMovedEvent: 233, 374
- 12/24/20 11:14:24 [trace] Application: MouseMovedEvent: 239, 374
- 12/24/20 11:14:24 [trace] Application: MouseMovedEvent: 240, 374
- 12/24/20 11:14:24 [trace] Application: MouseMovedEvent: 247, 374
- 12/24/20 11:14:24 [trace] Application: MouseMovedEvent: 251, 374
- 12/24/20 11:14:24 [trace] Application: MouseMovedEvent: 254, 374
- 12/24/20 11:14:24 [trace] Application: MouseMovedEvent: 263, 374
- 12/24/20 11:14:24 [trace] Application: MouseMovedEvent: 284, 374
- 12/24/20 11:14:47 [trace] Application: MouseMovedEvent: 461, 253
- 12/24/20 11:14:47 [trace] Application: MouseMovedEvent: 452, 251
- 12/24/20 11:14:47 [trace] Application: MouseMovedEvent: 416, 244
- 12/24/20 11:14:47 [trace] Application: MouseMovedEvent: 412, 244
- 12/24/20 11:14:47 [trace] Application: MouseMovedEvent: 409, 243
- 12/24/20 11:14:47 [trace] Application: MouseMovedEvent: 406, 242
- 12/24/20 11:14:47 [trace] Application: MouseMovedEvent: 405, 242
- 12/24/20 11:14:47 [trace] Application: MouseMovedEvent: 403, 242
- 12/24/20 11:14:47 [trace] Application: MouseMovedEvent: 386, 239
- 12/24/20 11:14:47 [trace] Application: MouseMovedEvent: 385, 239
- 12/24/20 11:14:47 [trace] Application: MouseMovedEvent: 379, 238
- 12/24/20 11:14:47 [trace] Application: MouseMovedEvent: 374, 237
- 12/24/20 11:14:47 [trace] Application: MouseMovedEvent: 368, 235
- 12/24/20 11:14:47 [trace] Application: MouseMovedEvent: 367, 235
- 12/24/20 11:14:47 [trace] Application: MouseMovedEvent: 367, 234
- 12/24/20 11:14:47 [trace] Application: MouseMovedEvent: 364, 234
- 12/24/20 11:14:47 [trace] Application: MouseMovedEvent: 363, 233
- 12/24/20 11:14:47 [trace] Application: MouseMovedEvent: 358, 231
- 12/24/20 11:14:47 [trace] Application: MouseMovedEvent: 356, 231
- 12/24/20 11:14:47 [trace] Application: MouseMovedEvent: 352, 229
- 12/24/20 11:14:47 [trace] Application: MouseMovedEvent: 346, 228
- 12/24/20 11:14:47 [trace] Application: MouseMovedEvent: 346, 227
- 12/24/20 11:14:47 [trace] Application: MouseMovedEvent: 338, 226
- 12/24/20 11:14:47 [trace] Application: MouseMovedEvent: 335, 226
- 12/24/20 11:14:47 [trace] Application: MouseMovedEvent: 325, 225
- 12/24/20 11:14:47 [trace] Application: MouseMovedEvent: 324, 225
- 12/24/20 11:14:47 [trace] Application: MouseMovedEvent: 319, 224
- 12/24/20 11:14:47 [trace] Application: MouseMovedEvent: 310, 223
- 12/24/20 11:14:48 [trace] Application: WindowFocus
- 12/24/20 11:14:48 [trace] Application: MouseButtonPressedEvent: 0
- 12/24/20 11:14:48 [trace] Application: MouseButtonReleasedEvent: 0
- 12/24/20 11:14:48 [trace] Application: MouseMovedEvent: 309, 223
- 12/24/20 11:14:48 [trace] Application: MouseMovedEvent: 305, 220
- 12/24/20 11:14:48 [trace] Application: MouseMovedEvent: 304, 218
- 12/24/20 11:14:48 [trace] Application: MouseMovedEvent: 303, 217
- 12/24/20 11:14:48 [trace] Application: MouseMovedEvent: 300, 214
- 12/24/20 11:14:48 [trace] Application: MouseMovedEvent: 299, 214
- 12/24/20 11:14:48 [trace] Application: MouseMovedEvent: 298, 213
- 12/24/20 11:14:48 [trace] Application: MouseMovedEvent: 294, 208
- 12/24/20 11:14:48 [trace] Application: MouseMovedEvent: 291, 206
- 12/24/20 11:14:48 [trace] Application: MouseMovedEvent: 261, 181
- 12/24/20 11:14:48 [trace] Application: MouseMovedEvent: 254, 173
- 12/24/20 11:14:48 [trace] Application: MouseMovedEvent: 249, 169
- 12/24/20 11:14:48 [trace] Application: MouseMovedEvent: 229, 152
- 12/24/20 11:14:48 [trace] Application: MouseMovedEvent: 226, 150
- 12/24/20 11:14:48 [trace] Application: MouseMovedEvent: 222, 146
- 12/24/20 11:14:48 [trace] Application: MouseMovedEvent: 221, 145
- 12/24/20 11:14:48 [trace] Application: MouseMovedEvent: 219, 143
- 12/24/20 11:14:48 [trace] Application: MouseMovedEvent: 216, 141
- 12/24/20 11:14:48 [trace] Application: MouseMovedEvent: 210, 136
- 12/24/20 11:14:48 [trace] Application: MouseMovedEvent: 199, 128
- 12/24/20 11:14:48 [trace] Application: MouseMovedEvent: 159, 105
- 12/24/20 11:14:48 [trace] Application: MouseMovedEvent: 154, 101
- 12/24/20 11:14:48 [trace] Application: MouseMovedEvent: 138, 91
- 12/24/20 11:14:48 [trace] Application: MouseMovedEvent: 102, 57
- 12/24/20 11:14:48 [trace] Application: MouseMovedEvent: 94, 49
- 12/24/20 11:14:48 [trace] Application: MouseMovedEvent: 91, 45
- 12/24/20 11:14:48 [trace] Application: MouseMovedEvent: 77, 33
- 12/24/20 11:14:48 [trace] Application: MouseMovedEvent: 74, 31
- 12/24/20 11:14:48 [trace] Application: MouseMovedEvent: 68, 27
- 12/24/20 11:14:48 [trace] Application: MouseMovedEvent: 62, 22
- 12/24/20 11:14:48 [trace] Application: MouseMovedEvent: 61, 21
- 12/24/20 11:14:48 [trace] Application: MouseMovedEvent: 57, 19
- 12/24/20 11:14:48 [trace] Application: MouseMovedEvent: 57, 18
- 12/24/20 11:14:48 [trace] Application: MouseMovedEvent: 55, 18
- 12/24/20 11:14:48 [trace] Application: MouseMovedEvent: 55, 17
- 12/24/20 11:14:48 [trace] Application: MouseMovedEvent: 53, 16
- 12/24/20 11:14:48 [trace] Application: MouseMovedEvent: 52, 15
- 12/24/20 11:14:48 [trace] Application: MouseMovedEvent: 49, 14
- 12/24/20 11:14:48 [trace] Application: MouseMovedEvent: 48, 13
- 12/24/20 11:14:48 [trace] Application: MouseMovedEvent: 43, 10
- 12/24/20 11:14:48 [trace] Application: MouseMovedEvent: 35, 4
- 12/24/20 11:14:48 [trace] Application: MouseMovedEvent: 34, 4
- 12/24/20 11:14:48 [trace] Application: MouseMovedEvent: 30, 1
- 12/24/20 11:14:48 [trace] Application: MouseMovedEvent: 30, 0
- 12/24/20 11:14:48 [trace] Application: MouseMovedEvent: 30, 5
- 12/24/20 11:14:48 [trace] Application: MouseMovedEvent: 30, 6
- 12/24/20 11:14:48 [trace] Application: MouseMovedEvent: 30, 8
- 12/24/20 11:14:48 [trace] Application: MouseMovedEvent: 30, 9
- 12/24/20 11:14:48 [trace] Application: MouseMovedEvent: 30, 11
- 12/24/20 11:14:48 [trace] Application: MouseMovedEvent: 30, 12
- 12/24/20 11:14:48 [trace] Application: MouseMovedEvent: 30, 13
- 12/24/20 11:14:48 [trace] Application: MouseMovedEvent: 30, 14
- 12/24/20 11:14:48 [trace] Application: MouseMovedEvent: 31, 14
- 12/24/20 11:14:48 [trace] Application: MouseMovedEvent: 31, 15
- 12/24/20 11:14:48 [trace] Application: MouseMovedEvent: 31, 16
- 12/24/20 11:14:48 [trace] Application: MouseMovedEvent: 33, 18
- 12/24/20 11:14:48 [trace] Application: MouseMovedEvent: 35, 19
- 12/24/20 11:14:48 [trace] Application: MouseMovedEvent: 36, 20
- 12/24/20 11:14:48 [trace] Application: MouseMovedEvent: 38, 21
- 12/24/20 11:14:48 [trace] Application: MouseMovedEvent: 39, 22
- 12/24/20 11:14:48 [trace] Application: MouseMovedEvent: 41, 23
- 12/24/20 11:14:48 [trace] Application: MouseMovedEvent: 42, 23
- 12/24/20 11:14:48 [trace] Application: MouseMovedEvent: 42, 24
- 12/24/20 11:14:48 [trace] Application: MouseMovedEvent: 43, 24
- 12/24/20 11:14:49 [trace] Application: MouseMovedEvent: 40, 23
- 12/24/20 11:14:49 [trace] Application: MouseMovedEvent: 39, 23
- 12/24/20 11:14:49 [trace] Application: MouseMovedEvent: 37, 23
- 12/24/20 11:14:49 [trace] Application: MouseMovedEvent: 36, 23
- 12/24/20 11:14:49 [trace] Application: MouseMovedEvent: 36, 22
- 12/24/20 11:14:49 [trace] Application: MouseMovedEvent: 35, 22
- 12/24/20 11:14:49 [trace] Application: MouseMovedEvent: 34, 21
- 12/24/20 11:14:49 [trace] Application: MouseMovedEvent: 33, 21
- 12/24/20 11:14:49 [trace] Application: MouseMovedEvent: 31, 20
- 12/24/20 11:14:49 [trace] Application: MouseMovedEvent: 30, 20
- 12/24/20 11:14:49 [trace] Application: MouseMovedEvent: 29, 19
- 12/24/20 11:14:49 [trace] Application: MouseMovedEvent: 26, 18
- 12/24/20 11:14:49 [trace] Application: MouseMovedEvent: 25, 17
- 12/24/20 11:14:49 [trace] Application: MouseMovedEvent: 24, 17
- 12/24/20 11:14:49 [trace] Application: MouseMovedEvent: 24, 16
- 12/24/20 11:14:49 [trace] Application: MouseMovedEvent: 21, 15
- 12/24/20 11:14:49 [trace] Application: MouseMovedEvent: 18, 14
- 12/24/20 11:14:49 [trace] Application: MouseMovedEvent: 16, 13
- 12/24/20 11:14:49 [trace] Application: MouseMovedEvent: 13, 12
- 12/24/20 11:14:49 [trace] Application: MouseMovedEvent: 13, 11
- 12/24/20 11:14:49 [trace] Application: MouseMovedEvent: 10, 11
- 12/24/20 11:14:49 [trace] Application: MouseMovedEvent: 9, 10
- 12/24/20 11:14:49 [trace] Application: MouseMovedEvent: 8, 9
- 12/24/20 11:14:49 [trace] Application: MouseMovedEvent: 7, 9
- 12/24/20 11:14:49 [trace] Application: MouseMovedEvent: 7, 8
- 12/24/20 11:14:49 [trace] Application: MouseMovedEvent: 5, 8
- 12/24/20 11:14:49 [trace] Application: MouseMovedEvent: 4, 7
- 12/24/20 11:14:49 [trace] Application: MouseMovedEvent: 3, 7
- 12/24/20 11:14:49 [trace] Application: MouseMovedEvent: 2, 7
- 12/24/20 11:14:49 [trace] Application: MouseMovedEvent: 1, 6
- 12/24/20 11:14:51 [trace] Application: MouseMovedEvent: 20, 3
- 12/24/20 11:14:51 [trace] Application: MouseMovedEvent: 20, 4
- 12/24/20 11:14:51 [trace] Application: MouseMovedEvent: 20, 5
- 12/24/20 11:14:51 [trace] Application: MouseMovedEvent: 20, 6
- 12/24/20 11:14:51 [trace] Application: MouseMovedEvent: 21, 9
- 12/24/20 11:14:51 [trace] Application: MouseMovedEvent: 26, 17
- 12/24/20 11:14:51 [trace] Application: MouseMovedEvent: 26, 18
- 12/24/20 11:14:51 [trace] Application: MouseMovedEvent: 30, 23
- 12/24/20 11:14:51 [trace] Application: MouseMovedEvent: 31, 24
- 12/24/20 11:14:51 [trace] Application: MouseMovedEvent: 33, 28
- 12/24/20 11:14:51 [trace] Application: MouseMovedEvent: 34, 29
- 12/24/20 11:14:51 [trace] Application: MouseMovedEvent: 37, 35
- 12/24/20 11:14:51 [trace] Application: MouseMovedEvent: 39, 37
- 12/24/20 11:14:51 [trace] Application: MouseMovedEvent: 45, 48
- 12/24/20 11:14:51 [trace] Application: MouseMovedEvent: 46, 49
- 12/24/20 11:14:51 [trace] Application: MouseMovedEvent: 48, 53
- 12/24/20 11:14:51 [trace] Application: MouseMovedEvent: 50, 56
- 12/24/20 11:14:51 [trace] Application: MouseMovedEvent: 51, 57
- 12/24/20 11:14:51 [trace] Application: MouseMovedEvent: 55, 65
- 12/24/20 11:14:51 [trace] Application: MouseMovedEvent: 64, 82
- 12/24/20 11:14:51 [trace] Application: MouseMovedEvent: 66, 84
- 12/24/20 11:14:51 [trace] Application: MouseMovedEvent: 70, 92
- 12/24/20 11:14:51 [trace] Application: MouseMovedEvent: 74, 98
- 12/24/20 11:14:51 [trace] Application: MouseMovedEvent: 76, 101
- 12/24/20 11:14:51 [trace] Application: MouseMovedEvent: 84, 114
- 12/24/20 11:14:51 [trace] Application: MouseMovedEvent: 84, 115
- 12/24/20 11:14:51 [trace] Application: MouseMovedEvent: 87, 119
- 12/24/20 11:14:51 [trace] Application: MouseMovedEvent: 88, 122
- 12/24/20 11:14:51 [trace] Application: MouseMovedEvent: 91, 126
- 12/24/20 11:14:51 [trace] Application: MouseMovedEvent: 97, 136
- 12/24/20 11:14:51 [trace] Application: MouseMovedEvent: 98, 138
- 12/24/20 11:14:51 [trace] Application: MouseMovedEvent: 104, 145
- 12/24/20 11:14:51 [trace] Application: MouseMovedEvent: 107, 150
- 12/24/20 11:14:51 [trace] Application: MouseMovedEvent: 108, 151
- 12/24/20 11:14:51 [trace] Application: MouseMovedEvent: 113, 159
- 12/24/20 11:14:51 [trace] Application: MouseMovedEvent: 115, 162
- 12/24/20 11:14:51 [trace] Application: MouseMovedEvent: 129, 181
- 12/24/20 11:14:51 [trace] Application: MouseMovedEvent: 131, 183
- 12/24/20 11:14:51 [trace] Application: MouseMovedEvent: 135, 187
- 12/24/20 11:14:51 [trace] Application: MouseMovedEvent: 136, 188
- 12/24/20 11:14:51 [trace] Application: MouseMovedEvent: 139, 191
- 12/24/20 11:14:51 [trace] Application: MouseMovedEvent: 141, 193
- 12/24/20 11:14:51 [trace] Application: MouseMovedEvent: 162, 217
- 12/24/20 11:14:51 [trace] Application: MouseMovedEvent: 168, 223
- 12/24/20 11:14:51 [trace] Application: MouseMovedEvent: 170, 223
- 12/24/20 11:14:51 [trace] Application: MouseMovedEvent: 180, 233
- 12/24/20 11:14:51 [trace] Application: MouseMovedEvent: 184, 237
- 12/24/20 11:14:51 [trace] Application: MouseMovedEvent: 185, 239
- 12/24/20 11:14:51 [trace] Application: MouseMovedEvent: 188, 240
- 12/24/20 11:14:51 [trace] Application: MouseMovedEvent: 196, 248
- 12/24/20 11:14:51 [trace] Application: MouseMovedEvent: 201, 251
- 12/24/20 11:14:51 [trace] Application: MouseMovedEvent: 201, 252
- 12/24/20 11:14:51 [trace] Application: MouseMovedEvent: 208, 256
- 12/24/20 11:14:51 [trace] Application: MouseMovedEvent: 209, 257
- 12/24/20 11:14:51 [trace] Application: MouseMovedEvent: 214, 259
- 12/24/20 11:14:51 [trace] Application: MouseMovedEvent: 216, 260
- 12/24/20 11:14:51 [trace] Application: MouseMovedEvent: 217, 261
- 12/24/20 11:14:51 [trace] Application: MouseMovedEvent: 219, 262
- 12/24/20 11:14:51 [trace] Application: MouseMovedEvent: 220, 262
- 12/24/20 11:14:51 [trace] Application: MouseMovedEvent: 221, 262
- 12/24/20 11:14:51 [trace] Application: MouseMovedEvent: 228, 266
- 12/24/20 11:14:51 [trace] Application: MouseMovedEvent: 229, 266
- 12/24/20 11:14:51 [trace] Application: MouseMovedEvent: 231, 268
- 12/24/20 11:14:51 [trace] Application: MouseMovedEvent: 236, 269
- 12/24/20 11:14:51 [trace] Application: MouseMovedEvent: 237, 270
- 12/24/20 11:14:51 [trace] Application: MouseMovedEvent: 245, 272
- 12/24/20 11:14:51 [trace] Application: MouseMovedEvent: 246, 273
- 12/24/20 11:14:51 [trace] Application: MouseMovedEvent: 251, 274
- 12/24/20 11:14:51 [trace] Application: MouseMovedEvent: 255, 275
- 12/24/20 11:14:51 [trace] Application: MouseMovedEvent: 268, 278
- 12/24/20 11:14:51 [trace] Application: MouseMovedEvent: 271, 279
- 12/24/20 11:14:51 [trace] Application: MouseMovedEvent: 274, 279
- 12/24/20 11:14:51 [trace] Application: MouseMovedEvent: 275, 279
- 12/24/20 11:14:51 [trace] Application: MouseMovedEvent: 276, 280
- 12/24/20 11:14:51 [trace] Application: MouseMovedEvent: 278, 280
- 12/24/20 11:14:51 [trace] Application: MouseMovedEvent: 279, 280
- 12/24/20 11:14:51 [trace] Application: MouseMovedEvent: 283, 280
- 12/24/20 11:14:51 [trace] Application: MouseMovedEvent: 286, 281
- 12/24/20 11:14:51 [trace] Application: MouseMovedEvent: 287, 281
- 12/24/20 11:14:51 [trace] Application: MouseMovedEvent: 290, 281
- 12/24/20 11:14:51 [trace] Application: MouseMovedEvent: 292, 281
- 12/24/20 11:14:51 [trace] Application: MouseMovedEvent: 304, 282
- 12/24/20 11:14:51 [trace] Application: MouseMovedEvent: 306, 282
- 12/24/20 11:14:51 [trace] Application: MouseMovedEvent: 319, 282
- 12/24/20 11:14:51 [trace] Application: MouseMovedEvent: 326, 282
- 12/24/20 11:14:51 [trace] Application: MouseMovedEvent: 329, 282
- 12/24/20 11:14:51 [trace] Application: MouseMovedEvent: 332, 281
- 12/24/20 11:14:51 [trace] Application: MouseMovedEvent: 336, 281
- 12/24/20 11:14:51 [trace] Application: MouseMovedEvent: 338, 280
- 12/24/20 11:14:51 [trace] Application: MouseMovedEvent: 347, 278
- 12/24/20 11:14:51 [trace] Application: MouseMovedEvent: 354, 276
- 12/24/20 11:14:51 [trace] Application: MouseMovedEvent: 357, 275
- 12/24/20 11:14:51 [trace] Application: MouseMovedEvent: 365, 271
- 12/24/20 11:14:51 [trace] Application: MouseMovedEvent: 370, 268
- 12/24/20 11:14:51 [trace] Application: MouseMovedEvent: 371, 267
- 12/24/20 11:14:51 [trace] Application: MouseMovedEvent: 377, 261
- 12/24/20 11:14:51 [trace] Application: MouseMovedEvent: 377, 260
- 12/24/20 11:14:51 [trace] Application: MouseMovedEvent: 378, 259
- 12/24/20 11:14:51 [trace] Application: MouseMovedEvent: 378, 258
- 12/24/20 11:14:51 [trace] Application: MouseMovedEvent: 378, 257
- 12/24/20 11:14:51 [trace] Application: MouseMovedEvent: 379, 256
- 12/24/20 11:14:51 [trace] Application: MouseMovedEvent: 382, 248
- 12/24/20 11:14:51 [trace] Application: MouseMovedEvent: 382, 247
- 12/24/20 11:14:51 [trace] Application: MouseMovedEvent: 382, 242
- 12/24/20 11:14:51 [trace] Application: MouseMovedEvent: 382, 239
- 12/24/20 11:14:51 [trace] Application: MouseMovedEvent: 382, 233
- 12/24/20 11:14:51 [trace] Application: MouseMovedEvent: 382, 232
- 12/24/20 11:14:51 [trace] Application: MouseMovedEvent: 382, 230
- 12/24/20 11:14:51 [trace] Application: MouseMovedEvent: 382, 225
- 12/24/20 11:14:51 [trace] Application: MouseMovedEvent: 379, 205
- 12/24/20 11:14:51 [trace] Application: MouseMovedEvent: 377, 201
- 12/24/20 11:14:51 [trace] Application: MouseMovedEvent: 368, 181
- 12/24/20 11:14:51 [trace] Application: MouseMovedEvent: 365, 176
- 12/24/20 11:14:51 [trace] Application: MouseMovedEvent: 360, 170
- 12/24/20 11:14:51 [trace] Application: MouseMovedEvent: 357, 165
- 12/24/20 11:14:51 [trace] Application: MouseMovedEvent: 352, 158
- 12/24/20 11:14:51 [trace] Application: MouseMovedEvent: 348, 153
- 12/24/20 11:14:51 [trace] Application: MouseMovedEvent: 342, 146
- 12/24/20 11:14:51 [trace] Application: MouseMovedEvent: 339, 143
- 12/24/20 11:14:51 [trace] Application: MouseMovedEvent: 315, 120
- 12/24/20 11:14:51 [trace] Application: MouseMovedEvent: 313, 118
- 12/24/20 11:14:51 [trace] Application: MouseMovedEvent: 307, 113
- 12/24/20 11:14:51 [trace] Application: MouseMovedEvent: 305, 112
- 12/24/20 11:14:51 [trace] Application: MouseMovedEvent: 303, 110
- 12/24/20 11:14:51 [trace] Application: MouseMovedEvent: 301, 108
- 12/24/20 11:14:51 [trace] Application: MouseMovedEvent: 292, 101
- 12/24/20 11:14:51 [trace] Application: MouseMovedEvent: 285, 97
- 12/24/20 11:14:51 [trace] Application: MouseMovedEvent: 253, 77
- 12/24/20 11:14:51 [trace] Application: MouseMovedEvent: 251, 76
- 12/24/20 11:14:51 [trace] Application: MouseMovedEvent: 225, 64
- 12/24/20 11:14:51 [trace] Application: MouseMovedEvent: 223, 63
- 12/24/20 11:14:51 [trace] Application: MouseMovedEvent: 212, 59
- 12/24/20 11:14:51 [trace] Application: MouseMovedEvent: 200, 54
- 12/24/20 11:14:51 [trace] Application: MouseMovedEvent: 198, 54
- 12/24/20 11:14:51 [trace] Application: MouseMovedEvent: 187, 50
- 12/24/20 11:14:51 [trace] Application: MouseMovedEvent: 177, 47
- 12/24/20 11:14:51 [trace] Application: MouseMovedEvent: 175, 46
- 12/24/20 11:14:51 [trace] Application: MouseMovedEvent: 154, 41
- 12/24/20 11:14:51 [trace] Application: MouseMovedEvent: 149, 39
- 12/24/20 11:14:51 [trace] Application: MouseMovedEvent: 143, 37
- 12/24/20 11:14:51 [trace] Application: MouseMovedEvent: 141, 37
- 12/24/20 11:14:51 [trace] Application: MouseMovedEvent: 140, 37
- 12/24/20 11:14:51 [trace] Application: MouseMovedEvent: 136, 35
- 12/24/20 11:14:51 [trace] Application: MouseMovedEvent: 132, 34
- 12/24/20 11:14:51 [trace] Application: MouseMovedEvent: 127, 33
- 12/24/20 11:14:51 [trace] Application: MouseMovedEvent: 126, 33
- 12/24/20 11:14:51 [trace] Application: MouseMovedEvent: 120, 31
- 12/24/20 11:14:51 [trace] Application: MouseMovedEvent: 119, 31
- 12/24/20 11:14:51 [trace] Application: MouseMovedEvent: 118, 30
- 12/24/20 11:14:51 [trace] Application: MouseMovedEvent: 116, 30
- 12/24/20 11:14:52 [trace] Application: MouseMovedEvent: 110, 27
- 12/24/20 11:14:52 [trace] Application: MouseMovedEvent: 107, 25
- 12/24/20 11:14:52 [trace] Application: MouseMovedEvent: 92, 19
- 12/24/20 11:14:52 [trace] Application: MouseMovedEvent: 90, 19
- 12/24/20 11:14:52 [trace] Application: MouseMovedEvent: 73, 14
- 12/24/20 11:14:52 [trace] Application: MouseMovedEvent: 52, 10
- 12/24/20 11:14:52 [trace] Application: MouseMovedEvent: 40, 8
- 12/24/20 11:14:52 [trace] Application: MouseMovedEvent: 28, 5
- 12/24/20 11:14:52 [trace] Application: MouseMovedEvent: 23, 4
- 12/24/20 11:14:52 [trace] Application: MouseMovedEvent: 15, 4
- 12/24/20 11:14:52 [trace] Application: MouseMovedEvent: 5, 3
- 12/24/20 11:14:52 [trace] Application: MouseMovedEvent: 1, 3
- 12/24/20 11:14:53 [trace] Application: MouseMovedEvent: 16, 5
- 12/24/20 11:14:53 [trace] Application: MouseMovedEvent: 23, 10
- 12/24/20 11:14:53 [trace] Application: MouseMovedEvent: 38, 20
- 12/24/20 11:14:53 [trace] Application: MouseMovedEvent: 39, 22
- 12/24/20 11:14:53 [trace] Application: MouseMovedEvent: 45, 26
- 12/24/20 11:14:53 [trace] Application: MouseMovedEvent: 47, 27
- 12/24/20 11:14:53 [trace] Application: MouseMovedEvent: 48, 28
- 12/24/20 11:14:53 [trace] Application: MouseMovedEvent: 51, 30
- 12/24/20 11:14:53 [trace] Application: MouseMovedEvent: 58, 35
- 12/24/20 11:14:53 [trace] Application: MouseMovedEvent: 59, 36
- 12/24/20 11:14:53 [trace] Application: MouseMovedEvent: 79, 51
- 12/24/20 11:14:53 [trace] Application: MouseMovedEvent: 81, 53
- 12/24/20 11:14:53 [trace] Application: MouseMovedEvent: 86, 57
- 12/24/20 11:14:53 [trace] Application: MouseMovedEvent: 88, 59
- 12/24/20 11:14:53 [trace] Application: MouseMovedEvent: 93, 63
- 12/24/20 11:14:53 [trace] Application: MouseMovedEvent: 94, 65
- 12/24/20 11:14:53 [trace] Application: MouseMovedEvent: 107, 77
- 12/24/20 11:14:53 [trace] Application: MouseMovedEvent: 109, 80
- 12/24/20 11:14:53 [trace] Application: MouseMovedEvent: 125, 95
- 12/24/20 11:14:53 [trace] Application: MouseMovedEvent: 126, 96
- 12/24/20 11:14:53 [trace] Application: MouseMovedEvent: 148, 119
- 12/24/20 11:14:53 [trace] Application: MouseMovedEvent: 150, 121
- 12/24/20 11:14:53 [trace] Application: MouseMovedEvent: 172, 147
- 12/24/20 11:14:53 [trace] Application: MouseMovedEvent: 174, 148
- 12/24/20 11:14:53 [trace] Application: MouseMovedEvent: 186, 162
- 12/24/20 11:14:53 [trace] Application: MouseMovedEvent: 187, 164
- 12/24/20 11:14:53 [trace] Application: MouseMovedEvent: 206, 186
- 12/24/20 11:14:53 [trace] Application: MouseMovedEvent: 210, 191
- 12/24/20 11:14:53 [trace] Application: MouseMovedEvent: 236, 218
- 12/24/20 11:14:53 [trace] Application: MouseMovedEvent: 254, 236
- 12/24/20 11:14:53 [trace] Application: MouseMovedEvent: 255, 238
- 12/24/20 11:14:53 [trace] Application: MouseMovedEvent: 269, 254
- 12/24/20 11:14:53 [trace] Application: MouseMovedEvent: 273, 258
- 12/24/20 11:14:53 [trace] Application: MouseMovedEvent: 288, 278
- 12/24/20 11:14:53 [trace] Application: MouseMovedEvent: 290, 280
- 12/24/20 11:14:53 [trace] Application: MouseMovedEvent: 292, 284
- 12/24/20 11:14:53 [trace] Application: MouseMovedEvent: 306, 306
- 12/24/20 11:14:53 [trace] Application: MouseMovedEvent: 307, 308
- 12/24/20 11:14:53 [trace] Application: MouseMovedEvent: 309, 311
- 12/24/20 11:14:53 [trace] Application: MouseMovedEvent: 310, 314
- 12/24/20 11:14:53 [trace] Application: MouseMovedEvent: 311, 314
- 12/24/20 11:14:53 [trace] Application: MouseMovedEvent: 324, 331
- 12/24/20 11:14:53 [trace] Application: MouseMovedEvent: 327, 336
- 12/24/20 11:14:53 [trace] Application: MouseMovedEvent: 330, 339
- 12/24/20 11:14:53 [trace] Application: MouseMovedEvent: 333, 343
- 12/24/20 11:14:53 [trace] Application: MouseMovedEvent: 338, 349
- 12/24/20 11:14:53 [trace] Application: MouseMovedEvent: 340, 352
- 12/24/20 11:14:53 [trace] Application: MouseMovedEvent: 342, 356
- 12/24/20 11:14:53 [trace] Application: MouseMovedEvent: 353, 368
- 12/24/20 11:14:53 [trace] Application: MouseMovedEvent: 354, 369
- 12/24/20 11:14:53 [trace] Application: MouseMovedEvent: 361, 377
- 12/24/20 11:14:53 [trace] Application: MouseMovedEvent: 363, 379
- 12/24/20 11:14:53 [trace] Application: MouseMovedEvent: 368, 384
- 12/24/20 11:14:53 [trace] Application: MouseMovedEvent: 369, 384
- 12/24/20 11:14:53 [trace] Application: MouseMovedEvent: 377, 392
- 12/24/20 11:14:53 [trace] Application: MouseMovedEvent: 379, 394
- 12/24/20 11:14:53 [trace] Application: MouseMovedEvent: 383, 398
- 12/24/20 11:14:53 [trace] Application: MouseMovedEvent: 384, 399
- 12/24/20 11:14:53 [trace] Application: MouseMovedEvent: 385, 400
- 12/24/20 11:14:53 [trace] Application: MouseMovedEvent: 389, 403
- 12/24/20 11:14:53 [trace] Application: MouseMovedEvent: 390, 404
- 12/24/20 11:14:53 [trace] Application: MouseMovedEvent: 392, 407
- 12/24/20 11:14:53 [trace] Application: MouseMovedEvent: 403, 417
- 12/24/20 11:14:53 [trace] Application: MouseMovedEvent: 404, 418
- 12/24/20 11:14:53 [trace] Application: MouseMovedEvent: 421, 437
- 12/24/20 11:14:53 [trace] Application: MouseMovedEvent: 432, 449
- 12/24/20 11:14:53 [trace] Application: MouseMovedEvent: 438, 455
- 12/24/20 11:14:53 [trace] Application: MouseMovedEvent: 440, 458
- 12/24/20 11:14:53 [trace] Application: MouseMovedEvent: 449, 467
- 12/24/20 11:14:53 [trace] Application: MouseMovedEvent: 449, 468
- 12/24/20 11:14:53 [trace] Application: MouseMovedEvent: 451, 469
- 12/24/20 11:14:53 [trace] Application: MouseMovedEvent: 451, 470
- 12/24/20 11:14:53 [trace] Application: MouseMovedEvent: 452, 471
- 12/24/20 11:14:53 [trace] Application: MouseMovedEvent: 454, 474
- 12/24/20 11:14:53 [trace] Application: MouseMovedEvent: 455, 475
- 12/24/20 11:14:53 [trace] Application: MouseMovedEvent: 458, 477
- 12/24/20 11:14:53 [trace] Application: MouseMovedEvent: 460, 480
- 12/24/20 11:14:53 [trace] Application: MouseMovedEvent: 461, 482
- 12/24/20 11:14:53 [trace] Application: MouseMovedEvent: 468, 490
- 12/24/20 11:14:53 [trace] Application: MouseMovedEvent: 469, 491
- 12/24/20 11:14:53 [trace] Application: MouseMovedEvent: 471, 493
- 12/24/20 11:14:53 [trace] Application: MouseMovedEvent: 472, 494
- 12/24/20 11:14:53 [trace] Application: MouseMovedEvent: 473, 495
- 12/24/20 11:14:53 [trace] Application: MouseMovedEvent: 474, 496
- 12/24/20 11:14:53 [trace] Application: MouseMovedEvent: 477, 500
- 12/24/20 11:14:53 [trace] Application: MouseMovedEvent: 479, 502
- 12/24/20 11:14:53 [trace] Application: MouseMovedEvent: 483, 509
- 12/24/20 11:14:53 [trace] Application: MouseMovedEvent: 487, 516
- 12/24/20 11:14:53 [trace] Application: MouseMovedEvent: 489, 519
- 12/24/20 11:14:53 [trace] Application: MouseMovedEvent: 494, 528
- 12/24/20 11:14:53 [trace] Application: MouseMovedEvent: 495, 530
- 12/24/20 11:14:53 [trace] Application: MouseMovedEvent: 496, 533
- 12/24/20 11:14:53 [trace] Application: MouseMovedEvent: 499, 538
- 12/24/20 11:14:53 [trace] Application: MouseMovedEvent: 500, 541
- 12/24/20 11:14:53 [trace] Application: MouseMovedEvent: 505, 552
- 12/24/20 11:14:53 [trace] Application: MouseMovedEvent: 507, 555
- 12/24/20 11:14:53 [trace] Application: MouseMovedEvent: 508, 557
- 12/24/20 11:14:53 [trace] Application: MouseMovedEvent: 510, 561
- 12/24/20 11:14:53 [trace] Application: MouseMovedEvent: 512, 562
- 12/24/20 11:14:53 [trace] Application: MouseMovedEvent: 517, 570
- 12/24/20 11:14:53 [trace] Application: MouseMovedEvent: 520, 573
- 12/24/20 11:14:53 [trace] Application: MouseMovedEvent: 528, 584
- 12/24/20 11:14:53 [trace] Application: MouseMovedEvent: 528, 585
- 12/24/20 11:14:53 [trace] Application: MouseMovedEvent: 530, 588
- 12/24/20 11:14:53 [trace] Application: MouseMovedEvent: 531, 588
- 12/24/20 11:14:53 [trace] Application: MouseMovedEvent: 533, 591
- 12/24/20 11:14:53 [trace] Application: MouseMovedEvent: 536, 594
- 12/24/20 11:14:53 [trace] Application: MouseMovedEvent: 538, 598
- 12/24/20 11:14:53 [trace] Application: MouseMovedEvent: 539, 598
- 12/24/20 11:14:54 [trace] Application: MouseMovedEvent: 554, 585
- 12/24/20 11:14:54 [trace] Application: MouseMovedEvent: 544, 569
- 12/24/20 11:14:54 [trace] Application: MouseMovedEvent: 536, 556
- 12/24/20 11:14:54 [trace] Application: MouseMovedEvent: 531, 546
- 12/24/20 11:14:54 [trace] Application: MouseMovedEvent: 528, 542
- 12/24/20 11:14:54 [trace] Application: MouseMovedEvent: 524, 535
- 12/24/20 11:14:54 [trace] Application: MouseMovedEvent: 522, 532
- 12/24/20 11:14:54 [trace] Application: MouseMovedEvent: 519, 527
- 12/24/20 11:14:54 [trace] Application: MouseMovedEvent: 514, 519
- 12/24/20 11:14:54 [trace] Application: MouseMovedEvent: 508, 506
- 12/24/20 11:14:54 [trace] Application: MouseMovedEvent: 507, 504
- 12/24/20 11:14:54 [trace] Application: MouseMovedEvent: 504, 500
- 12/24/20 11:14:54 [trace] Application: MouseMovedEvent: 504, 498
- 12/24/20 11:14:54 [trace] Application: MouseMovedEvent: 502, 493
- 12/24/20 11:14:54 [trace] Application: MouseMovedEvent: 499, 488
- 12/24/20 11:14:54 [trace] Application: MouseMovedEvent: 497, 482
- 12/24/20 11:14:54 [trace] Application: MouseMovedEvent: 497, 481
- 12/24/20 11:14:54 [trace] Application: MouseMovedEvent: 494, 475
- 12/24/20 11:14:54 [trace] Application: MouseMovedEvent: 493, 471
- 12/24/20 11:14:54 [trace] Application: MouseMovedEvent: 491, 468
- 12/24/20 11:14:54 [trace] Application: MouseMovedEvent: 486, 455
- 12/24/20 11:14:54 [trace] Application: MouseMovedEvent: 483, 444
- 12/24/20 11:14:54 [trace] Application: MouseMovedEvent: 482, 442
- 12/24/20 11:14:54 [trace] Application: MouseMovedEvent: 478, 428
- 12/24/20 11:14:54 [trace] Application: MouseMovedEvent: 478, 427
- 12/24/20 11:14:54 [trace] Application: MouseMovedEvent: 477, 424
- 12/24/20 11:14:54 [trace] Application: MouseMovedEvent: 477, 419
- 12/24/20 11:14:54 [trace] Application: MouseMovedEvent: 476, 413
- 12/24/20 11:14:54 [trace] Application: MouseMovedEvent: 476, 412
- 12/24/20 11:14:54 [trace] Application: MouseMovedEvent: 474, 401
- 12/24/20 11:14:54 [trace] Application: MouseMovedEvent: 474, 400
- 12/24/20 11:14:54 [trace] Application: MouseMovedEvent: 473, 393
- 12/24/20 11:14:54 [trace] Application: MouseMovedEvent: 473, 390
- 12/24/20 11:14:54 [trace] Application: MouseMovedEvent: 473, 389
- 12/24/20 11:14:54 [trace] Application: MouseMovedEvent: 472, 379
- 12/24/20 11:14:54 [trace] Application: MouseMovedEvent: 471, 372
- 12/24/20 11:14:54 [trace] Application: MouseMovedEvent: 471, 369
- 12/24/20 11:14:54 [trace] Application: MouseMovedEvent: 470, 347
- 12/24/20 11:14:54 [trace] Application: MouseMovedEvent: 470, 346
- 12/24/20 11:14:54 [trace] Application: MouseMovedEvent: 470, 342
- 12/24/20 11:14:54 [trace] Application: MouseMovedEvent: 470, 340
- 12/24/20 11:14:54 [trace] Application: MouseMovedEvent: 470, 339
- 12/24/20 11:14:54 [trace] Application: MouseMovedEvent: 470, 337
- 12/24/20 11:14:54 [trace] Application: MouseMovedEvent: 470, 331
- 12/24/20 11:14:54 [trace] Application: MouseMovedEvent: 470, 328
- 12/24/20 11:14:54 [trace] Application: MouseMovedEvent: 474, 310
- 12/24/20 11:14:54 [trace] Application: MouseMovedEvent: 479, 290
- 12/24/20 11:14:54 [trace] Application: MouseMovedEvent: 480, 289
- 12/24/20 11:14:54 [trace] Application: MouseMovedEvent: 486, 272
- 12/24/20 11:14:54 [trace] Application: MouseMovedEvent: 486, 269
- 12/24/20 11:14:54 [trace] Application: MouseMovedEvent: 488, 264
- 12/24/20 11:14:54 [trace] Application: MouseMovedEvent: 488, 261
- 12/24/20 11:14:54 [trace] Application: MouseMovedEvent: 489, 259
- 12/24/20 11:14:54 [trace] Application: MouseMovedEvent: 491, 257
- 12/24/20 11:14:54 [trace] Application: MouseMovedEvent: 494, 248
- 12/24/20 11:14:54 [trace] Application: MouseMovedEvent: 494, 246
- 12/24/20 11:14:54 [trace] Application: MouseMovedEvent: 497, 240
- 12/24/20 11:14:54 [trace] Application: MouseMovedEvent: 499, 236
- 12/24/20 11:14:54 [trace] Application: MouseMovedEvent: 503, 225
- 12/24/20 11:14:54 [trace] Application: MouseMovedEvent: 505, 223
- 12/24/20 11:14:54 [trace] Application: MouseMovedEvent: 511, 208
- 12/24/20 11:14:54 [trace] Application: MouseMovedEvent: 517, 195
- 12/24/20 11:14:54 [trace] Application: MouseMovedEvent: 521, 189
- 12/24/20 11:14:54 [trace] Application: MouseMovedEvent: 531, 170
- 12/24/20 11:14:54 [trace] Application: MouseMovedEvent: 533, 167
- 12/24/20 11:14:54 [trace] Application: MouseMovedEvent: 546, 146
- 12/24/20 11:14:54 [trace] Application: MouseMovedEvent: 550, 141
- 12/24/20 11:14:54 [trace] Application: MouseMovedEvent: 565, 120
- 12/24/20 11:14:54 [trace] Application: MouseMovedEvent: 566, 119
- 12/24/20 11:14:54 [trace] Application: MouseMovedEvent: 571, 114
- 12/24/20 11:14:54 [trace] Application: MouseMovedEvent: 572, 112
- 12/24/20 11:14:54 [trace] Application: MouseMovedEvent: 580, 103
- 12/24/20 11:14:54 [trace] Application: MouseMovedEvent: 582, 101
- 12/24/20 11:14:54 [trace] Application: MouseMovedEvent: 587, 96
- 12/24/20 11:14:54 [trace] Application: MouseMovedEvent: 587, 95
- 12/24/20 11:14:54 [trace] Application: MouseMovedEvent: 590, 93
- 12/24/20 11:14:54 [trace] Application: MouseMovedEvent: 593, 89
- 12/24/20 11:14:54 [trace] Application: MouseMovedEvent: 595, 88
- 12/24/20 11:14:54 [trace] Application: MouseMovedEvent: 603, 80
- 12/24/20 11:14:54 [trace] Application: MouseMovedEvent: 605, 80
- 12/24/20 11:14:54 [trace] Application: MouseMovedEvent: 606, 78
- 12/24/20 11:14:54 [trace] Application: MouseMovedEvent: 607, 78
- 12/24/20 11:14:54 [trace] Application: MouseMovedEvent: 607, 77
- 12/24/20 11:14:54 [trace] Application: MouseMovedEvent: 609, 76
- 12/24/20 11:14:54 [trace] Application: MouseMovedEvent: 610, 74
- 12/24/20 11:14:54 [trace] Application: MouseMovedEvent: 611, 74
- 12/24/20 11:14:54 [trace] Application: MouseMovedEvent: 614, 71
- 12/24/20 11:14:54 [trace] Application: MouseMovedEvent: 615, 70
- 12/24/20 11:14:54 [trace] Application: MouseMovedEvent: 617, 68
- 12/24/20 11:14:54 [trace] Application: MouseMovedEvent: 618, 67
- 12/24/20 11:14:54 [trace] Application: MouseMovedEvent: 619, 65
- 12/24/20 11:14:54 [trace] Application: MouseMovedEvent: 621, 64
- 12/24/20 11:14:54 [trace] Application: MouseMovedEvent: 622, 63
- 12/24/20 11:14:54 [trace] Application: MouseMovedEvent: 624, 59
- 12/24/20 11:14:54 [trace] Application: MouseMovedEvent: 627, 54
- 12/24/20 11:14:54 [trace] Application: MouseMovedEvent: 631, 50
- 12/24/20 11:14:54 [trace] Application: MouseMovedEvent: 634, 46
- 12/24/20 11:14:54 [trace] Application: MouseMovedEvent: 635, 45
- 12/24/20 11:14:54 [trace] Application: MouseMovedEvent: 640, 39
- 12/24/20 11:14:54 [trace] Application: MouseMovedEvent: 641, 38
- 12/24/20 11:14:54 [trace] Application: MouseMovedEvent: 642, 37
- 12/24/20 11:14:54 [trace] Application: MouseMovedEvent: 644, 34
- 12/24/20 11:14:54 [trace] Application: MouseMovedEvent: 648, 30
- 12/24/20 11:14:54 [trace] Application: MouseMovedEvent: 650, 29
- 12/24/20 11:14:54 [trace] Application: MouseMovedEvent: 651, 28
- 12/24/20 11:14:54 [trace] Application: MouseMovedEvent: 656, 24
- 12/24/20 11:14:54 [trace] Application: MouseMovedEvent: 657, 24
- 12/24/20 11:14:54 [trace] Application: MouseMovedEvent: 658, 23
- 12/24/20 11:14:54 [trace] Application: MouseMovedEvent: 658, 22
- 12/24/20 11:14:54 [trace] Application: MouseMovedEvent: 659, 22
- 12/24/20 11:14:54 [trace] Application: MouseMovedEvent: 662, 21
- 12/24/20 11:14:54 [trace] Application: MouseMovedEvent: 664, 19
- 12/24/20 11:14:54 [trace] Application: MouseMovedEvent: 671, 17
- 12/24/20 11:14:54 [trace] Application: MouseMovedEvent: 676, 14
- 12/24/20 11:14:54 [trace] Application: MouseMovedEvent: 679, 14
- 12/24/20 11:14:54 [trace] Application: MouseMovedEvent: 682, 13
- 12/24/20 11:14:54 [trace] Application: MouseMovedEvent: 692, 10
- 12/24/20 11:14:54 [trace] Application: MouseMovedEvent: 693, 10
- 12/24/20 11:14:54 [trace] Application: MouseMovedEvent: 694, 9
- 12/24/20 11:14:54 [trace] Application: MouseMovedEvent: 695, 9
- 12/24/20 11:14:54 [trace] Application: MouseMovedEvent: 698, 9
- 12/24/20 11:14:54 [trace] Application: MouseMovedEvent: 703, 8
- 12/24/20 11:14:54 [trace] Application: MouseMovedEvent: 705, 8
- 12/24/20 11:14:54 [trace] Application: MouseMovedEvent: 716, 5
- 12/24/20 11:14:54 [trace] Application: MouseMovedEvent: 718, 5
- 12/24/20 11:14:55 [trace] Application: MouseMovedEvent: 721, 5
- 12/24/20 11:14:55 [trace] Application: MouseMovedEvent: 722, 4
- 12/24/20 11:14:55 [trace] Application: MouseMovedEvent: 723, 4
- 12/24/20 11:14:55 [trace] Application: MouseMovedEvent: 725, 4
- 12/24/20 11:14:55 [trace] Application: MouseMovedEvent: 728, 2
- 12/24/20 11:14:55 [trace] Application: MouseMovedEvent: 731, 1
- 12/24/20 11:14:55 [trace] Application: WindowClose
- 12/24/20 11:14:56 [trace] Application: MouseMovedEvent: 757, 0
- 12/24/20 11:14:56 [trace] Application: MouseMovedEvent: 756, 1
- 12/24/20 11:14:56 [trace] Application: MouseMovedEvent: 755, 2
- 12/24/20 11:14:56 [trace] Application: MouseMovedEvent: 755, 3
- 12/24/20 11:14:56 [trace] Application: MouseMovedEvent: 751, 6
- 12/24/20 11:14:56 [trace] Application: MouseMovedEvent: 751, 7
- 12/24/20 11:14:56 [trace] Application: MouseMovedEvent: 746, 12
- 12/24/20 11:14:56 [trace] Application: MouseMovedEvent: 745, 12
- 12/24/20 11:14:56 [trace] Application: MouseMovedEvent: 744, 14
- 12/24/20 11:14:56 [trace] Application: MouseMovedEvent: 744, 15
- 12/24/20 11:14:56 [trace] Application: MouseMovedEvent: 743, 16
- 12/24/20 11:14:56 [trace] Application: MouseMovedEvent: 741, 16
- 12/24/20 11:14:56 [trace] Application: MouseMovedEvent: 739, 19
- 12/24/20 11:14:56 [trace] Application: MouseMovedEvent: 738, 21
- 12/24/20 11:14:56 [trace] Application: MouseMovedEvent: 736, 21
- 12/24/20 11:14:56 [trace] Application: MouseMovedEvent: 730, 26
- 12/24/20 11:14:56 [trace] Application: MouseMovedEvent: 729, 27
- 12/24/20 11:14:56 [trace] Application: MouseMovedEvent: 726, 30
- 12/24/20 11:14:56 [trace] Application: MouseMovedEvent: 723, 32
- 12/24/20 11:14:56 [trace] Application: MouseMovedEvent: 719, 35
- 12/24/20 11:14:56 [trace] Application: MouseMovedEvent: 719, 36
- 12/24/20 11:14:56 [trace] Application: MouseMovedEvent: 708, 42
- 12/24/20 11:14:56 [trace] Application: MouseMovedEvent: 701, 47
- 12/24/20 11:14:56 [trace] Application: MouseMovedEvent: 683, 60
- 12/24/20 11:14:56 [trace] Application: MouseMovedEvent: 682, 61
- 12/24/20 11:14:56 [trace] Application: MouseMovedEvent: 672, 66
- 12/24/20 11:14:56 [trace] Application: MouseMovedEvent: 662, 73
- 12/24/20 11:14:56 [trace] Application: MouseMovedEvent: 651, 80
- 12/24/20 11:14:56 [trace] Application: MouseMovedEvent: 628, 95
- 12/24/20 11:14:56 [trace] Application: MouseMovedEvent: 625, 97
- 12/24/20 11:14:56 [trace] Application: MouseMovedEvent: 617, 101
- 12/24/20 11:14:56 [trace] Application: MouseMovedEvent: 605, 109
- 12/24/20 11:14:56 [trace] Application: MouseMovedEvent: 598, 114
- 12/24/20 11:14:56 [trace] Application: MouseMovedEvent: 575, 129
- 12/24/20 11:14:56 [trace] Application: MouseMovedEvent: 571, 131
- 12/24/20 11:14:56 [trace] Application: MouseMovedEvent: 562, 137
- 12/24/20 11:14:56 [trace] Application: MouseMovedEvent: 560, 139
- 12/24/20 11:14:56 [trace] Application: MouseMovedEvent: 541, 152
- 12/24/20 11:14:56 [trace] Application: MouseMovedEvent: 537, 154
- 12/24/20 11:14:56 [trace] Application: MouseMovedEvent: 528, 161
- 12/24/20 11:14:56 [trace] Application: MouseMovedEvent: 523, 164
- 12/24/20 11:14:56 [trace] Application: MouseMovedEvent: 520, 166
- 12/24/20 11:14:56 [trace] Application: MouseMovedEvent: 508, 174
- 12/24/20 11:14:56 [trace] Application: MouseMovedEvent: 501, 179
- 12/24/20 11:14:56 [trace] Application: MouseMovedEvent: 467, 201
- 12/24/20 11:14:56 [trace] Application: MouseMovedEvent: 463, 204
- 12/24/20 11:14:56 [trace] Application: MouseMovedEvent: 436, 224
- 12/24/20 11:14:56 [trace] Application: MouseMovedEvent: 432, 227
- 12/24/20 11:14:56 [trace] Application: MouseMovedEvent: 423, 234
- 12/24/20 11:14:56 [trace] Application: MouseMovedEvent: 416, 240
- 12/24/20 11:14:56 [trace] Application: MouseMovedEvent: 409, 246
- 12/24/20 11:14:56 [trace] Application: MouseMovedEvent: 405, 249
- 12/24/20 11:14:56 [trace] Application: MouseMovedEvent: 400, 253
- 12/24/20 11:14:56 [trace] Application: MouseMovedEvent: 374, 273
- 12/24/20 11:14:56 [trace] Application: MouseMovedEvent: 373, 274
- 12/24/20 11:14:56 [trace] Application: MouseMovedEvent: 357, 286
- 12/24/20 11:14:56 [trace] Application: MouseMovedEvent: 354, 288
- 12/24/20 11:14:56 [trace] Application: MouseMovedEvent: 351, 291
- 12/24/20 11:14:56 [trace] Application: MouseMovedEvent: 347, 293
- 12/24/20 11:14:56 [trace] Application: MouseMovedEvent: 347, 294
- 12/24/20 11:14:56 [trace] Application: MouseMovedEvent: 342, 297
- 12/24/20 11:14:56 [trace] Application: MouseMovedEvent: 342, 298
- 12/24/20 11:14:56 [trace] Application: MouseMovedEvent: 340, 299
- 12/24/20 11:14:56 [trace] Application: MouseMovedEvent: 339, 299
- 12/24/20 11:14:57 [trace] Application: MouseMovedEvent: 343, 292
- 12/24/20 11:14:57 [trace] Application: MouseMovedEvent: 344, 290
- 12/24/20 11:14:57 [trace] Application: MouseMovedEvent: 347, 285
- 12/24/20 11:14:57 [trace] Application: MouseMovedEvent: 357, 271
- 12/24/20 11:14:57 [trace] Application: MouseMovedEvent: 367, 258
- 12/24/20 11:14:57 [trace] Application: MouseMovedEvent: 396, 230
- 12/24/20 11:14:57 [trace] Application: MouseMovedEvent: 400, 225
- 12/24/20 11:14:57 [trace] Application: MouseMovedEvent: 415, 212
- 12/24/20 11:14:57 [trace] Application: MouseMovedEvent: 427, 201
- 12/24/20 11:14:57 [trace] Application: MouseMovedEvent: 495, 145
- 12/24/20 11:14:57 [trace] Application: MouseMovedEvent: 536, 114
- 12/24/20 11:14:57 [trace] Application: MouseMovedEvent: 551, 104
- 12/24/20 11:14:57 [trace] Application: MouseMovedEvent: 569, 92
- 12/24/20 11:14:57 [trace] Application: MouseMovedEvent: 575, 89
- 12/24/20 11:14:57 [trace] Application: MouseMovedEvent: 595, 79
- 12/24/20 11:14:57 [trace] Application: MouseMovedEvent: 597, 77
- 12/24/20 11:14:57 [trace] Application: MouseMovedEvent: 590, 85
- 12/24/20 11:14:57 [trace] Application: MouseMovedEvent: 588, 87
- 12/24/20 11:14:57 [trace] Application: MouseMovedEvent: 571, 102
- 12/24/20 11:14:57 [trace] Application: MouseMovedEvent: 565, 106
- 12/24/20 11:14:57 [trace] Application: MouseMovedEvent: 557, 112
- 12/24/20 11:14:57 [trace] Application: MouseMovedEvent: 513, 136
- 12/24/20 11:14:57 [trace] Application: MouseMovedEvent: 510, 137
- 12/24/20 11:14:57 [trace] Application: MouseMovedEvent: 505, 139
- 12/24/20 11:14:57 [trace] Application: MouseMovedEvent: 460, 158
- 12/24/20 11:14:57 [trace] Application: MouseMovedEvent: 448, 162
- 12/24/20 11:14:57 [trace] Application: MouseMovedEvent: 435, 167
- 12/24/20 11:14:57 [trace] Application: MouseMovedEvent: 403, 177
- 12/24/20 11:14:57 [trace] Application: MouseMovedEvent: 398, 179
- 12/24/20 11:14:57 [trace] Application: MouseMovedEvent: 340, 196
- 12/24/20 11:14:57 [trace] Application: MouseMovedEvent: 334, 196
- 12/24/20 11:14:57 [trace] Application: MouseMovedEvent: 311, 202
- 12/24/20 11:14:57 [trace] Application: MouseMovedEvent: 304, 204
- 12/24/20 11:14:57 [trace] Application: MouseMovedEvent: 299, 205
- 12/24/20 11:14:57 [trace] Application: MouseMovedEvent: 213, 221
- 12/24/20 11:14:57 [trace] Application: MouseMovedEvent: 201, 223
- 12/24/20 11:14:57 [trace] Application: MouseMovedEvent: 175, 226
- 12/24/20 11:14:57 [trace] Application: MouseMovedEvent: 150, 228
- 12/24/20 11:14:57 [trace] Application: MouseMovedEvent: 93, 233
- 12/24/20 11:14:57 [trace] Application: MouseMovedEvent: 27, 234
- 12/24/20 11:14:57 [trace] Application: MouseMovedEvent: 10, 234
- 12/24/20 11:14:57 [trace] Application: WindowLostFocus
